#-----------------------------------------------------------
# Vivado v2016.2 (64-bit)
# SW Build 1577090 on Thu Jun  2 16:32:40 MDT 2016
# IP Build 1577682 on Fri Jun  3 12:00:54 MDT 2016
# Start of session at: Thu May 30 23:27:59 2019
# Process ID: 10368
# Current directory: C:/Users/luo/Desktop/project_10
# Command line: vivado.exe -gui_launcher_event rodinguilauncherevent4332 C:\Users\luo\Desktop\project_10\project_10.xpr
# Log file: C:/Users/luo/Desktop/project_10/vivado.log
# Journal file: C:/Users/luo/Desktop/project_10\vivado.jou
#-----------------------------------------------------------
start_gui
open_project C:/Users/luo/Desktop/project_10/project_10.xpr
Scanning sources...
Finished scanning sources
INFO: [IP_Flow 19-234] Refreshing IP repositories
INFO: [IP_Flow 19-1704] No user IP repositories specified
INFO: [IP_Flow 19-2313] Loaded Vivado IP repository 'D:/Vivado/2016.2/data/ip'.
open_project: Time (s): cpu = 00:00:20 ; elapsed = 00:00:09 . Memory (MB): peak = 818.500 ; gain = 130.941
update_compile_order -fileset sources_1
open_hw
connect_hw_server
INFO: [Labtools 27-2285] Connecting to hw_server url TCP:localhost:3121
open_hw_target
INFO: [Labtoolstcl 44-466] Opening hw_target localhost:3121/xilinx_tcf/Digilent/210292A8B4DCA
set_property PROGRAM.FILE {C:/Users/luo/Desktop/project_10/project_10.runs/impl_1/ddu.bit} [lindex [get_hw_devices] 0]
current_hw_device [lindex [get_hw_devices] 0]
refresh_hw_device -update_hw_probes false [lindex [get_hw_devices] 0]
INFO: [Labtools 27-1434] Device xc7a100t (JTAG device index = 0) is programmed with a design that has no supported debug core(s) in it.
WARNING: [Labtools 27-3123] The debug hub core was not detected at User Scan Chain 1 or 3.
Resolution: 
1. Make sure the clock connected to the debug hub (dbg_hub) core is a free running clock and is active OR
2. Manually launch hw_server with -e "set xsdb-user-bscan <C_USER_SCAN_CHAIN scan_chain_number>" to detect the debug hub at User Scan Chain of 2 or 4. To determine the user scan chain setting, open the implemented design and use: get_property C_USER_SCAN_CHAIN [get_debug_cores dbg_hub].
set_property PROBES.FILE {} [lindex [get_hw_devices] 0]
set_property PROGRAM.FILE {C:/Users/luo/Desktop/project_10/project_10.runs/impl_1/ddu.bit} [lindex [get_hw_devices] 0]
program_hw_devices [lindex [get_hw_devices] 0]
INFO: [Labtools 27-3164] End of startup status: HIGH
refresh_hw_device [lindex [get_hw_devices] 0]
INFO: [Labtools 27-1434] Device xc7a100t (JTAG device index = 0) is programmed with a design that has no supported debug core(s) in it.
WARNING: [Labtools 27-3123] The debug hub core was not detected at User Scan Chain 1 or 3.
Resolution: 
1. Make sure the clock connected to the debug hub (dbg_hub) core is a free running clock and is active OR
2. Manually launch hw_server with -e "set xsdb-user-bscan <C_USER_SCAN_CHAIN scan_chain_number>" to detect the debug hub at User Scan Chain of 2 or 4. To determine the user scan chain setting, open the implemented design and use: get_property C_USER_SCAN_CHAIN [get_debug_cores dbg_hub].
close_hw
generate_target all [get_files  C:/Users/luo/Desktop/project_10/project_10.srcs/sources_1/ip/MEM/MEM.xci]
INFO: [IP_Flow 19-1686] Generating 'Instantiation Template' target for IP 'MEM'...
INFO: [IP_Flow 19-1686] Generating 'Synthesis' target for IP 'MEM'...
INFO: [IP_Flow 19-1686] Generating 'Simulation' target for IP 'MEM'...
INFO: [IP_Flow 19-1686] Generating 'Change Log' target for IP 'MEM'...
export_ip_user_files -of_objects [get_files C:/Users/luo/Desktop/project_10/project_10.srcs/sources_1/ip/MEM/MEM.xci] -no_script -force -quiet
create_ip_run [get_files -of_objects [get_fileset sources_1] C:/Users/luo/Desktop/project_10/project_10.srcs/sources_1/ip/MEM/MEM.xci]
launch_run -jobs 2 MEM_synth_1
[Thu May 30 23:36:57 2019] Launched MEM_synth_1...
Run output will be captured here: C:/Users/luo/Desktop/project_10/project_10.runs/MEM_synth_1/runme.log
export_simulation -of_objects [get_files C:/Users/luo/Desktop/project_10/project_10.srcs/sources_1/ip/MEM/MEM.xci] -directory C:/Users/luo/Desktop/project_10/project_10.ip_user_files/sim_scripts -ip_user_files_dir C:/Users/luo/Desktop/project_10/project_10.ip_user_files -ipstatic_source_dir C:/Users/luo/Desktop/project_10/project_10.ip_user_files/ipstatic -force -quiet
reset_run synth_1
launch_runs impl_1 -to_step write_bitstream -jobs 2
[Thu May 30 23:37:08 2019] Launched MEM_synth_1, synth_1...
Run output will be captured here:
MEM_synth_1: C:/Users/luo/Desktop/project_10/project_10.runs/MEM_synth_1/runme.log
synth_1: C:/Users/luo/Desktop/project_10/project_10.runs/synth_1/runme.log
[Thu May 30 23:37:08 2019] Launched impl_1...
Run output will be captured here: C:/Users/luo/Desktop/project_10/project_10.runs/impl_1/runme.log
open_hw
connect_hw_server
INFO: [Labtools 27-2285] Connecting to hw_server url TCP:localhost:3121
INFO: [Labtools 27-2222] Launching hw_server...
INFO: [Labtools 27-2221] Launch Output:

****** Xilinx hw_server v2016.2
  **** Build date : Jun  2 2016-16:57:03
    ** Copyright 1986-2016 Xilinx, Inc. All Rights Reserved.


connect_hw_server: Time (s): cpu = 00:00:00 ; elapsed = 00:00:08 . Memory (MB): peak = 974.914 ; gain = 0.000
open_hw_target
INFO: [Labtoolstcl 44-466] Opening hw_target localhost:3121/xilinx_tcf/Digilent/210292A8B4DCA
set_property PROGRAM.FILE {C:/Users/luo/Desktop/project_10/project_10.runs/impl_1/ddu.bit} [lindex [get_hw_devices] 0]
current_hw_device [lindex [get_hw_devices] 0]
refresh_hw_device -update_hw_probes false [lindex [get_hw_devices] 0]
INFO: [Labtools 27-1434] Device xc7a100t (JTAG device index = 0) is programmed with a design that has no supported debug core(s) in it.
WARNING: [Labtools 27-3123] The debug hub core was not detected at User Scan Chain 1 or 3.
Resolution: 
1. Make sure the clock connected to the debug hub (dbg_hub) core is a free running clock and is active OR
2. Manually launch hw_server with -e "set xsdb-user-bscan <C_USER_SCAN_CHAIN scan_chain_number>" to detect the debug hub at User Scan Chain of 2 or 4. To determine the user scan chain setting, open the implemented design and use: get_property C_USER_SCAN_CHAIN [get_debug_cores dbg_hub].
set_property PROBES.FILE {} [lindex [get_hw_devices] 0]
set_property PROGRAM.FILE {C:/Users/luo/Desktop/project_10/project_10.runs/impl_1/ddu.bit} [lindex [get_hw_devices] 0]
program_hw_devices [lindex [get_hw_devices] 0]
INFO: [Labtools 27-3164] End of startup status: HIGH
refresh_hw_device [lindex [get_hw_devices] 0]
INFO: [Labtools 27-1434] Device xc7a100t (JTAG device index = 0) is programmed with a design that has no supported debug core(s) in it.
WARNING: [Labtools 27-3123] The debug hub core was not detected at User Scan Chain 1 or 3.
Resolution: 
1. Make sure the clock connected to the debug hub (dbg_hub) core is a free running clock and is active OR
2. Manually launch hw_server with -e "set xsdb-user-bscan <C_USER_SCAN_CHAIN scan_chain_number>" to detect the debug hub at User Scan Chain of 2 or 4. To determine the user scan chain setting, open the implemented design and use: get_property C_USER_SCAN_CHAIN [get_debug_cores dbg_hub].
set_property PROBES.FILE {} [lindex [get_hw_devices] 0]
set_property PROGRAM.FILE {C:/Users/luo/Desktop/project_10/project_10.runs/impl_1/ddu.bit} [lindex [get_hw_devices] 0]
program_hw_devices [lindex [get_hw_devices] 0]
INFO: [Labtools 27-3164] End of startup status: HIGH
refresh_hw_device [lindex [get_hw_devices] 0]
INFO: [Labtools 27-1434] Device xc7a100t (JTAG device index = 0) is programmed with a design that has no supported debug core(s) in it.
WARNING: [Labtools 27-3123] The debug hub core was not detected at User Scan Chain 1 or 3.
Resolution: 
1. Make sure the clock connected to the debug hub (dbg_hub) core is a free running clock and is active OR
2. Manually launch hw_server with -e "set xsdb-user-bscan <C_USER_SCAN_CHAIN scan_chain_number>" to detect the debug hub at User Scan Chain of 2 or 4. To determine the user scan chain setting, open the implemented design and use: get_property C_USER_SCAN_CHAIN [get_debug_cores dbg_hub].
ERROR: [Labtoolstcl 44-513] HW Target shutdown. Closing target: localhost:3121/xilinx_tcf/Digilent/210292A8B4DCA
INFO: [Labtoolstcl 44-466] Opening hw_target localhost:3121/xilinx_tcf/Digilent/210292A8B4DCA
INFO: [Labtools 27-1434] Device xc7a100t (JTAG device index = 0) is programmed with a design that has no supported debug core(s) in it.
WARNING: [Labtools 27-3123] The debug hub core was not detected at User Scan Chain 1 or 3.
Resolution: 
1. Make sure the clock connected to the debug hub (dbg_hub) core is a free running clock and is active OR
2. Manually launch hw_server with -e "set xsdb-user-bscan <C_USER_SCAN_CHAIN scan_chain_number>" to detect the debug hub at User Scan Chain of 2 or 4. To determine the user scan chain setting, open the implemented design and use: get_property C_USER_SCAN_CHAIN [get_debug_cores dbg_hub].
ERROR: [Labtoolstcl 44-513] HW Target shutdown. Closing target: localhost:3121/xilinx_tcf/Digilent/210292A8B4DCA
reset_run synth_1
launch_runs impl_1 -to_step write_bitstream -jobs 2
[Fri May 31 10:24:30 2019] Launched synth_1...
Run output will be captured here: C:/Users/luo/Desktop/project_10/project_10.runs/synth_1/runme.log
[Fri May 31 10:24:30 2019] Launched impl_1...
Run output will be captured here: C:/Users/luo/Desktop/project_10/project_10.runs/impl_1/runme.log
reset_run impl_1 -prev_step 
close_hw
reset_run synth_1
launch_runs impl_1 -to_step write_bitstream -jobs 2
[Fri May 31 10:28:34 2019] Launched synth_1...
Run output will be captured here: C:/Users/luo/Desktop/project_10/project_10.runs/synth_1/runme.log
[Fri May 31 10:28:34 2019] Launched impl_1...
Run output will be captured here: C:/Users/luo/Desktop/project_10/project_10.runs/impl_1/runme.log
open_hw
connect_hw_server
INFO: [Labtools 27-2285] Connecting to hw_server url TCP:localhost:3121
INFO: [Labtools 27-2222] Launching hw_server...
INFO: [Labtools 27-2221] Launch Output:

****** Xilinx hw_server v2016.2
  **** Build date : Jun  2 2016-16:57:03
    ** Copyright 1986-2016 Xilinx, Inc. All Rights Reserved.


open_hw_target
INFO: [Labtoolstcl 44-466] Opening hw_target localhost:3121/xilinx_tcf/Digilent/210292A8B4DCA
ERROR: [Labtools 27-2269] No devices detected on target localhost:3121/xilinx_tcf/Digilent/210292A8B4DCA.
Check cable connectivity and that the target board is powered up then
use the disconnect_hw_server and connect_hw_server to re-register this hardware target.
ERROR: [Common 17-39] 'open_hw_target' failed due to earlier errors.
ERROR: [Labtoolstcl 44-513] HW Target shutdown. Closing target: localhost:3121/xilinx_tcf/Digilent/210292A8B4DCA
INFO: [Labtoolstcl 44-466] Opening hw_target localhost:3121/xilinx_tcf/Digilent/210292A8B4DCA
INFO: [Labtools 27-1435] Device xc7a100t (JTAG device index = 0) is not programmed (DONE status = 0).
set_property PROBES.FILE {} [lindex [get_hw_devices] 0]
set_property PROGRAM.FILE {C:/Users/luo/Desktop/project_10/project_10.runs/impl_1/ddu.bit} [lindex [get_hw_devices] 0]
program_hw_devices [lindex [get_hw_devices] 0]
INFO: [Labtools 27-3164] End of startup status: HIGH
refresh_hw_device [lindex [get_hw_devices] 0]
INFO: [Labtools 27-1434] Device xc7a100t (JTAG device index = 0) is programmed with a design that has no supported debug core(s) in it.
WARNING: [Labtools 27-3123] The debug hub core was not detected at User Scan Chain 1 or 3.
Resolution: 
1. Make sure the clock connected to the debug hub (dbg_hub) core is a free running clock and is active OR
2. Manually launch hw_server with -e "set xsdb-user-bscan <C_USER_SCAN_CHAIN scan_chain_number>" to detect the debug hub at User Scan Chain of 2 or 4. To determine the user scan chain setting, open the implemented design and use: get_property C_USER_SCAN_CHAIN [get_debug_cores dbg_hub].
reset_run synth_1
launch_runs impl_1 -to_step write_bitstream -jobs 2
[Fri May 31 11:28:19 2019] Launched synth_1...
Run output will be captured here: C:/Users/luo/Desktop/project_10/project_10.runs/synth_1/runme.log
[Fri May 31 11:28:19 2019] Launched impl_1...
Run output will be captured here: C:/Users/luo/Desktop/project_10/project_10.runs/impl_1/runme.log
ERROR: [Labtoolstcl 44-513] HW Target shutdown. Closing target: localhost:3121/xilinx_tcf/Digilent/210292A8B4DCA
INFO: [Labtoolstcl 44-466] Opening hw_target localhost:3121/xilinx_tcf/Digilent/210292A8B4DCA
INFO: [Labtools 27-1435] Device xc7a100t (JTAG device index = 0) is not programmed (DONE status = 0).
set_property PROBES.FILE {} [lindex [get_hw_devices] 0]
set_property PROGRAM.FILE {C:/Users/luo/Desktop/project_10/project_10.runs/impl_1/ddu.bit} [lindex [get_hw_devices] 0]
program_hw_devices [lindex [get_hw_devices] 0]
INFO: [Labtools 27-3164] End of startup status: HIGH
refresh_hw_device [lindex [get_hw_devices] 0]
INFO: [Labtools 27-1434] Device xc7a100t (JTAG device index = 0) is programmed with a design that has no supported debug core(s) in it.
WARNING: [Labtools 27-3123] The debug hub core was not detected at User Scan Chain 1 or 3.
Resolution: 
1. Make sure the clock connected to the debug hub (dbg_hub) core is a free running clock and is active OR
2. Manually launch hw_server with -e "set xsdb-user-bscan <C_USER_SCAN_CHAIN scan_chain_number>" to detect the debug hub at User Scan Chain of 2 or 4. To determine the user scan chain setting, open the implemented design and use: get_property C_USER_SCAN_CHAIN [get_debug_cores dbg_hub].
set_property PROBES.FILE {} [lindex [get_hw_devices] 0]
set_property PROGRAM.FILE {C:/Users/luo/Desktop/project_10/project_10.runs/impl_1/ddu.bit} [lindex [get_hw_devices] 0]
program_hw_devices [lindex [get_hw_devices] 0]
INFO: [Labtools 27-3164] End of startup status: HIGH
refresh_hw_device [lindex [get_hw_devices] 0]
INFO: [Labtools 27-1434] Device xc7a100t (JTAG device index = 0) is programmed with a design that has no supported debug core(s) in it.
WARNING: [Labtools 27-3123] The debug hub core was not detected at User Scan Chain 1 or 3.
Resolution: 
1. Make sure the clock connected to the debug hub (dbg_hub) core is a free running clock and is active OR
2. Manually launch hw_server with -e "set xsdb-user-bscan <C_USER_SCAN_CHAIN scan_chain_number>" to detect the debug hub at User Scan Chain of 2 or 4. To determine the user scan chain setting, open the implemented design and use: get_property C_USER_SCAN_CHAIN [get_debug_cores dbg_hub].
ERROR: [Labtoolstcl 44-513] HW Target shutdown. Closing target: localhost:3121/xilinx_tcf/Digilent/210292A8B4DCA
INFO: [Labtoolstcl 44-466] Opening hw_target localhost:3121/xilinx_tcf/Digilent/210292A8B4DCA
INFO: [Labtools 27-1435] Device xc7a100t (JTAG device index = 0) is not programmed (DONE status = 0).
set_property PROBES.FILE {} [lindex [get_hw_devices] 0]
set_property PROGRAM.FILE {C:/Users/luo/Desktop/project_10/project_10.runs/impl_1/ddu.bit} [lindex [get_hw_devices] 0]
program_hw_devices [lindex [get_hw_devices] 0]
INFO: [Labtools 27-3164] End of startup status: HIGH
refresh_hw_device [lindex [get_hw_devices] 0]
INFO: [Labtools 27-1434] Device xc7a100t (JTAG device index = 0) is programmed with a design that has no supported debug core(s) in it.
WARNING: [Labtools 27-3123] The debug hub core was not detected at User Scan Chain 1 or 3.
Resolution: 
1. Make sure the clock connected to the debug hub (dbg_hub) core is a free running clock and is active OR
2. Manually launch hw_server with -e "set xsdb-user-bscan <C_USER_SCAN_CHAIN scan_chain_number>" to detect the debug hub at User Scan Chain of 2 or 4. To determine the user scan chain setting, open the implemented design and use: get_property C_USER_SCAN_CHAIN [get_debug_cores dbg_hub].
ERROR: [Labtoolstcl 44-513] HW Target shutdown. Closing target: localhost:3121/xilinx_tcf/Digilent/210292A8B4DCA
exit
INFO: [Common 17-206] Exiting Vivado at Fri May 31 19:26:56 2019...
