Copyright 1986-2018 Xilinx, Inc. All Rights Reserved.
------------------------------------------------------------------------------------------
| Tool Version : Vivado v.2018.2 (win64) Build 2258646 Thu Jun 14 20:03:12 MDT 2018
| Date         : Thu Apr 11 21:22:23 2019
| Host         : LAPTOP-8P9O5NTA running 64-bit major release  (build 9200)
| Command      : report_control_sets -verbose -file Register_file_control_sets_placed.rpt
| Design       : Register_file
| Device       : xc7a100t
------------------------------------------------------------------------------------------

Control Set Information

Table of Contents
-----------------
1. Summary
2. Histogram
3. Flip-Flop Distribution
4. Detailed Control Set Information

1. Summary
----------

+----------------------------------------------------------+-------+
|                          Status                          | Count |
+----------------------------------------------------------+-------+
| Number of unique control sets                            |     8 |
| Unused register locations in slices containing registers |     0 |
+----------------------------------------------------------+-------+


2. Histogram
------------

+--------+--------------+
| Fanout | Control Sets |
+--------+--------------+
|      8 |            8 |
+--------+--------------+


3. Flip-Flop Distribution
-------------------------

+--------------+-----------------------+------------------------+-----------------+--------------+
| Clock Enable | Synchronous Set/Reset | Asynchronous Set/Reset | Total Registers | Total Slices |
+--------------+-----------------------+------------------------+-----------------+--------------+
| No           | No                    | No                     |               0 |            0 |
| No           | No                    | Yes                    |               0 |            0 |
| No           | Yes                   | No                     |               0 |            0 |
| Yes          | No                    | No                     |               0 |            0 |
| Yes          | No                    | Yes                    |               0 |            0 |
| Yes          | Yes                   | No                     |              64 |            8 |
+--------------+-----------------------+------------------------+-----------------+--------------+


4. Detailed Control Set Information
-----------------------------------

+----------------+------------------+------------------+------------------+----------------+
|  Clock Signal  |   Enable Signal  | Set/Reset Signal | Slice Load Count | Bel Load Count |
+----------------+------------------+------------------+------------------+----------------+
|  clk_IBUF_BUFG | rf[1][3]_i_1_n_0 | rst_IBUF         |                1 |              8 |
|  clk_IBUF_BUFG | rf               | rst_IBUF         |                1 |              8 |
|  clk_IBUF_BUFG | rf[2][3]_i_1_n_0 | rst_IBUF         |                1 |              8 |
|  clk_IBUF_BUFG | rf[3][3]_i_1_n_0 | rst_IBUF         |                1 |              8 |
|  clk_IBUF_BUFG | rf[4][3]_i_1_n_0 | rst_IBUF         |                1 |              8 |
|  clk_IBUF_BUFG | rf[6][3]_i_1_n_0 | rst_IBUF         |                1 |              8 |
|  clk_IBUF_BUFG | rf[5][3]_i_1_n_0 | rst_IBUF         |                1 |              8 |
|  clk_IBUF_BUFG | rf[0][3]_i_1_n_0 | rst_IBUF         |                1 |              8 |
+----------------+------------------+------------------+------------------+----------------+


