
*** Running vivado
    with args -log VRAM.vds -m64 -product Vivado -mode batch -messageDb vivado.pb -notrace -source VRAM.tcl


****** Vivado v2018.2 (64-bit)
  **** SW Build 2258646 on Thu Jun 14 20:03:12 MDT 2018
  **** IP Build 2256618 on Thu Jun 14 22:10:49 MDT 2018
    ** Copyright 1986-2018 Xilinx, Inc. All Rights Reserved.

source VRAM.tcl -notrace
Command: synth_design -top VRAM -part xc7a100tcsg324-1 -mode out_of_context
Starting synth_design
Attempting to get a license for feature 'Synthesis' and/or device 'xc7a100t'
INFO: [Common 17-349] Got license for feature 'Synthesis' and/or device 'xc7a100t'
INFO: Launching helper process for spawning children vivado processes
INFO: Helper process launched with PID 5092 
---------------------------------------------------------------------------------
Starting RTL Elaboration : Time (s): cpu = 00:00:04 ; elapsed = 00:00:05 . Memory (MB): peak = 444.051 ; gain = 98.340
---------------------------------------------------------------------------------
INFO: [Synth 8-638] synthesizing module 'VRAM' [d:/COD_lab/lab4/lab4/lab4.srcs/sources_1/ip/VRAM_1/synth/VRAM.vhd:69]
	Parameter C_FAMILY bound to: artix7 - type: string 
	Parameter C_ADDR_WIDTH bound to: 4 - type: integer 
	Parameter C_DEFAULT_DATA bound to: 0 - type: string 
	Parameter C_DEPTH bound to: 16 - type: integer 
	Parameter C_HAS_CLK bound to: 1 - type: integer 
	Parameter C_HAS_D bound to: 1 - type: integer 
	Parameter C_HAS_DPO bound to: 0 - type: integer 
	Parameter C_HAS_DPRA bound to: 0 - type: integer 
	Parameter C_HAS_I_CE bound to: 0 - type: integer 
	Parameter C_HAS_QDPO bound to: 0 - type: integer 
	Parameter C_HAS_QDPO_CE bound to: 0 - type: integer 
	Parameter C_HAS_QDPO_CLK bound to: 0 - type: integer 
	Parameter C_HAS_QDPO_RST bound to: 0 - type: integer 
	Parameter C_HAS_QDPO_SRST bound to: 0 - type: integer 
	Parameter C_HAS_QSPO bound to: 0 - type: integer 
	Parameter C_HAS_QSPO_CE bound to: 0 - type: integer 
	Parameter C_HAS_QSPO_RST bound to: 0 - type: integer 
	Parameter C_HAS_QSPO_SRST bound to: 0 - type: integer 
	Parameter C_HAS_SPO bound to: 1 - type: integer 
	Parameter C_HAS_WE bound to: 1 - type: integer 
	Parameter C_MEM_INIT_FILE bound to: VRAM.mif - type: string 
	Parameter C_ELABORATION_DIR bound to: ./ - type: string 
	Parameter C_MEM_TYPE bound to: 1 - type: integer 
	Parameter C_PIPELINE_STAGES bound to: 0 - type: integer 
	Parameter C_QCE_JOINED bound to: 0 - type: integer 
	Parameter C_QUALIFY_WE bound to: 0 - type: integer 
	Parameter C_READ_MIF bound to: 1 - type: integer 
	Parameter C_REG_A_D_INPUTS bound to: 0 - type: integer 
	Parameter C_REG_DPRA_INPUT bound to: 0 - type: integer 
	Parameter C_SYNC_ENABLE bound to: 1 - type: integer 
	Parameter C_WIDTH bound to: 1 - type: integer 
	Parameter C_PARSER_TYPE bound to: 1 - type: integer 
INFO: [Synth 8-3491] module 'dist_mem_gen_v8_0_12' declared at 'd:/COD_lab/lab4/lab4/lab4.srcs/sources_1/ip/VRAM_1/hdl/dist_mem_gen_v8_0_vhsyn_rfs.vhd:3237' bound to instance 'U0' of component 'dist_mem_gen_v8_0_12' [d:/COD_lab/lab4/lab4/lab4.srcs/sources_1/ip/VRAM_1/synth/VRAM.vhd:135]
INFO: [Synth 8-256] done synthesizing module 'VRAM' (4#1) [d:/COD_lab/lab4/lab4/lab4.srcs/sources_1/ip/VRAM_1/synth/VRAM.vhd:69]
WARNING: [Synth 8-3331] design spram has unconnected port qspo[0]
WARNING: [Synth 8-3331] design spram has unconnected port i_ce
WARNING: [Synth 8-3331] design spram has unconnected port qspo_ce
WARNING: [Synth 8-3331] design spram has unconnected port qspo_rst
WARNING: [Synth 8-3331] design spram has unconnected port qspo_srst
WARNING: [Synth 8-3331] design dist_mem_gen_v8_0_12_synth has unconnected port dpo[0]
WARNING: [Synth 8-3331] design dist_mem_gen_v8_0_12_synth has unconnected port qdpo[0]
WARNING: [Synth 8-3331] design dist_mem_gen_v8_0_12_synth has unconnected port dpra[3]
WARNING: [Synth 8-3331] design dist_mem_gen_v8_0_12_synth has unconnected port dpra[2]
WARNING: [Synth 8-3331] design dist_mem_gen_v8_0_12_synth has unconnected port dpra[1]
WARNING: [Synth 8-3331] design dist_mem_gen_v8_0_12_synth has unconnected port dpra[0]
WARNING: [Synth 8-3331] design dist_mem_gen_v8_0_12_synth has unconnected port qdpo_ce
WARNING: [Synth 8-3331] design dist_mem_gen_v8_0_12_synth has unconnected port qdpo_clk
WARNING: [Synth 8-3331] design dist_mem_gen_v8_0_12_synth has unconnected port qdpo_rst
WARNING: [Synth 8-3331] design dist_mem_gen_v8_0_12_synth has unconnected port qdpo_srst
WARNING: [Synth 8-3331] design dist_mem_gen_v8_0_12 has unconnected port dpra[3]
WARNING: [Synth 8-3331] design dist_mem_gen_v8_0_12 has unconnected port dpra[2]
WARNING: [Synth 8-3331] design dist_mem_gen_v8_0_12 has unconnected port dpra[1]
WARNING: [Synth 8-3331] design dist_mem_gen_v8_0_12 has unconnected port dpra[0]
WARNING: [Synth 8-3331] design dist_mem_gen_v8_0_12 has unconnected port i_ce
WARNING: [Synth 8-3331] design dist_mem_gen_v8_0_12 has unconnected port qspo_ce
WARNING: [Synth 8-3331] design dist_mem_gen_v8_0_12 has unconnected port qdpo_ce
WARNING: [Synth 8-3331] design dist_mem_gen_v8_0_12 has unconnected port qdpo_clk
WARNING: [Synth 8-3331] design dist_mem_gen_v8_0_12 has unconnected port qspo_rst
WARNING: [Synth 8-3331] design dist_mem_gen_v8_0_12 has unconnected port qdpo_rst
WARNING: [Synth 8-3331] design dist_mem_gen_v8_0_12 has unconnected port qspo_srst
WARNING: [Synth 8-3331] design dist_mem_gen_v8_0_12 has unconnected port qdpo_srst
---------------------------------------------------------------------------------
Finished RTL Elaboration : Time (s): cpu = 00:00:05 ; elapsed = 00:00:07 . Memory (MB): peak = 499.324 ; gain = 153.613
---------------------------------------------------------------------------------

Report Check Netlist: 
+------+------------------+-------+---------+-------+------------------+
|      |Item              |Errors |Warnings |Status |Description       |
+------+------------------+-------+---------+-------+------------------+
|1     |multi_driven_nets |      0|        0|Passed |Multi driven nets |
+------+------------------+-------+---------+-------+------------------+
---------------------------------------------------------------------------------
Start Handling Custom Attributes
---------------------------------------------------------------------------------
---------------------------------------------------------------------------------
Finished Handling Custom Attributes : Time (s): cpu = 00:00:06 ; elapsed = 00:00:07 . Memory (MB): peak = 499.324 ; gain = 153.613
---------------------------------------------------------------------------------
---------------------------------------------------------------------------------
Finished RTL Optimization Phase 1 : Time (s): cpu = 00:00:06 ; elapsed = 00:00:07 . Memory (MB): peak = 499.324 ; gain = 153.613
---------------------------------------------------------------------------------
INFO: [Device 21-403] Loading part xc7a100tcsg324-1
INFO: [Project 1-570] Preparing netlist for logic optimization

Processing XDC Constraints
Initializing timing engine
Parsing XDC File [d:/COD_lab/lab4/lab4/lab4.srcs/sources_1/ip/VRAM_1/VRAM_ooc.xdc] for cell 'U0'
Finished Parsing XDC File [d:/COD_lab/lab4/lab4/lab4.srcs/sources_1/ip/VRAM_1/VRAM_ooc.xdc] for cell 'U0'
Parsing XDC File [D:/COD_lab/lab4/lab4/lab4.runs/VRAM_synth_1/dont_touch.xdc]
Finished Parsing XDC File [D:/COD_lab/lab4/lab4/lab4.runs/VRAM_synth_1/dont_touch.xdc]
Completed Processing XDC Constraints

INFO: [Project 1-111] Unisim Transformation Summary:
No Unisim elements were transformed.

Constraint Validation Runtime : Time (s): cpu = 00:00:00 ; elapsed = 00:00:00.050 . Memory (MB): peak = 769.090 ; gain = 1.512
---------------------------------------------------------------------------------
Finished Constraint Validation : Time (s): cpu = 00:00:16 ; elapsed = 00:00:21 . Memory (MB): peak = 769.090 ; gain = 423.379
---------------------------------------------------------------------------------
---------------------------------------------------------------------------------
Start Loading Part and Timing Information
---------------------------------------------------------------------------------
Loading part: xc7a100tcsg324-1
---------------------------------------------------------------------------------
Finished Loading Part and Timing Information : Time (s): cpu = 00:00:16 ; elapsed = 00:00:21 . Memory (MB): peak = 769.090 ; gain = 423.379
---------------------------------------------------------------------------------
---------------------------------------------------------------------------------
Start Applying 'set_property' XDC Constraints
---------------------------------------------------------------------------------
Applied set_property DONT_TOUCH = true for U0. (constraint file  D:/COD_lab/lab4/lab4/lab4.runs/VRAM_synth_1/dont_touch.xdc, line 9).
---------------------------------------------------------------------------------
Finished applying 'set_property' XDC Constraints : Time (s): cpu = 00:00:16 ; elapsed = 00:00:21 . Memory (MB): peak = 769.090 ; gain = 423.379
---------------------------------------------------------------------------------
---------------------------------------------------------------------------------
Finished RTL Optimization Phase 2 : Time (s): cpu = 00:00:17 ; elapsed = 00:00:21 . Memory (MB): peak = 769.090 ; gain = 423.379
---------------------------------------------------------------------------------

Report RTL Partitions: 
+-+--------------+------------+----------+
| |RTL Partition |Replication |Instances |
+-+--------------+------------+----------+
+-+--------------+------------+----------+
---------------------------------------------------------------------------------
Start RTL Component Statistics 
---------------------------------------------------------------------------------
Detailed RTL Component Info : 
+---Registers : 
	                1 Bit    Registers := 1     
---------------------------------------------------------------------------------
Finished RTL Component Statistics 
---------------------------------------------------------------------------------
---------------------------------------------------------------------------------
Start RTL Hierarchical Component Statistics 
---------------------------------------------------------------------------------
Hierarchical RTL Component report 
Module spram 
Detailed RTL Component Info : 
+---Registers : 
	                1 Bit    Registers := 1     
---------------------------------------------------------------------------------
Finished RTL Hierarchical Component Statistics
---------------------------------------------------------------------------------
---------------------------------------------------------------------------------
Start Part Resource Summary
---------------------------------------------------------------------------------
Part Resources:
DSPs: 240 (col length:80)
BRAMs: 270 (col length: RAMB18 80 RAMB36 40)
---------------------------------------------------------------------------------
Finished Part Resource Summary
---------------------------------------------------------------------------------
---------------------------------------------------------------------------------
Start Cross Boundary and Area Optimization
---------------------------------------------------------------------------------
Warning: Parallel synthesis criteria is not met 
WARNING: [Synth 8-3331] design dist_mem_gen_v8_0_12 has unconnected port dpo[0]
WARNING: [Synth 8-3331] design dist_mem_gen_v8_0_12 has unconnected port qspo[0]
WARNING: [Synth 8-3331] design dist_mem_gen_v8_0_12 has unconnected port qdpo[0]
WARNING: [Synth 8-3331] design dist_mem_gen_v8_0_12 has unconnected port dpra[3]
WARNING: [Synth 8-3331] design dist_mem_gen_v8_0_12 has unconnected port dpra[2]
WARNING: [Synth 8-3331] design dist_mem_gen_v8_0_12 has unconnected port dpra[1]
WARNING: [Synth 8-3331] design dist_mem_gen_v8_0_12 has unconnected port dpra[0]
WARNING: [Synth 8-3331] design dist_mem_gen_v8_0_12 has unconnected port i_ce
WARNING: [Synth 8-3331] design dist_mem_gen_v8_0_12 has unconnected port qspo_ce
WARNING: [Synth 8-3331] design dist_mem_gen_v8_0_12 has unconnected port qdpo_ce
WARNING: [Synth 8-3331] design dist_mem_gen_v8_0_12 has unconnected port qdpo_clk
WARNING: [Synth 8-3331] design dist_mem_gen_v8_0_12 has unconnected port qspo_rst
WARNING: [Synth 8-3331] design dist_mem_gen_v8_0_12 has unconnected port qdpo_rst
WARNING: [Synth 8-3331] design dist_mem_gen_v8_0_12 has unconnected port qspo_srst
WARNING: [Synth 8-3331] design dist_mem_gen_v8_0_12 has unconnected port qdpo_srst
---------------------------------------------------------------------------------
Finished Cross Boundary and Area Optimization : Time (s): cpu = 00:00:17 ; elapsed = 00:00:22 . Memory (MB): peak = 769.090 ; gain = 423.379
---------------------------------------------------------------------------------
---------------------------------------------------------------------------------
Start ROM, RAM, DSP and Shift Register Reporting
---------------------------------------------------------------------------------

Distributed RAM: Preliminary Mapping  Report (see note below)
+------------+-----------------------------------------------------------+----------------+----------------------+----------------+
|Module Name | RTL Object                                                | Inference      | Size (Depth x Width) | Primitives     | 
+------------+-----------------------------------------------------------+----------------+----------------------+----------------+
|U0          | synth_options.dist_mem_inst/gen_sp_ram.spram_inst/ram_reg | User Attribute | 16 x 1               | RAM16X1S x 1   | 
+------------+-----------------------------------------------------------+----------------+----------------------+----------------+

Note: The table above is a preliminary report that shows the Distributed RAMs at the current stage of the synthesis flow. Some Distributed RAMs may be reimplemented as non Distributed RAM primitives later in the synthesis flow. Multiple instantiated RAMs are reported only once.
---------------------------------------------------------------------------------
Finished ROM, RAM, DSP and Shift Register Reporting
---------------------------------------------------------------------------------

Report RTL Partitions: 
+-+--------------+------------+----------+
| |RTL Partition |Replication |Instances |
+-+--------------+------------+----------+
+-+--------------+------------+----------+
---------------------------------------------------------------------------------
Start Applying XDC Timing Constraints
---------------------------------------------------------------------------------
---------------------------------------------------------------------------------
Finished Applying XDC Timing Constraints : Time (s): cpu = 00:00:28 ; elapsed = 00:00:34 . Memory (MB): peak = 821.348 ; gain = 475.637
---------------------------------------------------------------------------------
---------------------------------------------------------------------------------
Start Timing Optimization
---------------------------------------------------------------------------------
---------------------------------------------------------------------------------
Finished Timing Optimization : Time (s): cpu = 00:00:28 ; elapsed = 00:00:34 . Memory (MB): peak = 821.348 ; gain = 475.637
---------------------------------------------------------------------------------
---------------------------------------------------------------------------------
Start ROM, RAM, DSP and Shift Register Reporting
---------------------------------------------------------------------------------

Distributed RAM: Final Mapping  Report
+------------+-----------------------------------------------------------+----------------+----------------------+----------------+
|Module Name | RTL Object                                                | Inference      | Size (Depth x Width) | Primitives     | 
+------------+-----------------------------------------------------------+----------------+----------------------+----------------+
|U0          | synth_options.dist_mem_inst/gen_sp_ram.spram_inst/ram_reg | User Attribute | 16 x 1               | RAM16X1S x 1   | 
+------------+-----------------------------------------------------------+----------------+----------------------+----------------+

---------------------------------------------------------------------------------
Finished ROM, RAM, DSP and Shift Register Reporting
---------------------------------------------------------------------------------

Report RTL Partitions: 
+-+--------------+------------+----------+
| |RTL Partition |Replication |Instances |
+-+--------------+------------+----------+
+-+--------------+------------+----------+
---------------------------------------------------------------------------------
Start Technology Mapping
---------------------------------------------------------------------------------
---------------------------------------------------------------------------------
Finished Technology Mapping : Time (s): cpu = 00:00:28 ; elapsed = 00:00:34 . Memory (MB): peak = 830.879 ; gain = 485.168
---------------------------------------------------------------------------------

Report RTL Partitions: 
+-+--------------+------------+----------+
| |RTL Partition |Replication |Instances |
+-+--------------+------------+----------+
+-+--------------+------------+----------+
---------------------------------------------------------------------------------
Start IO Insertion
---------------------------------------------------------------------------------
---------------------------------------------------------------------------------
Start Flattening Before IO Insertion
---------------------------------------------------------------------------------
---------------------------------------------------------------------------------
Finished Flattening Before IO Insertion
---------------------------------------------------------------------------------
---------------------------------------------------------------------------------
Start Final Netlist Cleanup
---------------------------------------------------------------------------------
---------------------------------------------------------------------------------
Finished Final Netlist Cleanup
---------------------------------------------------------------------------------
---------------------------------------------------------------------------------
Finished IO Insertion : Time (s): cpu = 00:00:29 ; elapsed = 00:00:35 . Memory (MB): peak = 830.879 ; gain = 485.168
---------------------------------------------------------------------------------

Report Check Netlist: 
+------+------------------+-------+---------+-------+------------------+
|      |Item              |Errors |Warnings |Status |Description       |
+------+------------------+-------+---------+-------+------------------+
|1     |multi_driven_nets |      0|        0|Passed |Multi driven nets |
+------+------------------+-------+---------+-------+------------------+
---------------------------------------------------------------------------------
Start Renaming Generated Instances
---------------------------------------------------------------------------------
---------------------------------------------------------------------------------
Finished Renaming Generated Instances : Time (s): cpu = 00:00:29 ; elapsed = 00:00:35 . Memory (MB): peak = 830.879 ; gain = 485.168
---------------------------------------------------------------------------------

Report RTL Partitions: 
+-+--------------+------------+----------+
| |RTL Partition |Replication |Instances |
+-+--------------+------------+----------+
+-+--------------+------------+----------+
---------------------------------------------------------------------------------
Start Rebuilding User Hierarchy
---------------------------------------------------------------------------------
---------------------------------------------------------------------------------
Finished Rebuilding User Hierarchy : Time (s): cpu = 00:00:29 ; elapsed = 00:00:35 . Memory (MB): peak = 830.879 ; gain = 485.168
---------------------------------------------------------------------------------
---------------------------------------------------------------------------------
Start Renaming Generated Ports
---------------------------------------------------------------------------------
---------------------------------------------------------------------------------
Finished Renaming Generated Ports : Time (s): cpu = 00:00:29 ; elapsed = 00:00:35 . Memory (MB): peak = 830.879 ; gain = 485.168
---------------------------------------------------------------------------------
---------------------------------------------------------------------------------
Start Handling Custom Attributes
---------------------------------------------------------------------------------
---------------------------------------------------------------------------------
Finished Handling Custom Attributes : Time (s): cpu = 00:00:29 ; elapsed = 00:00:35 . Memory (MB): peak = 830.879 ; gain = 485.168
---------------------------------------------------------------------------------
---------------------------------------------------------------------------------
Start Renaming Generated Nets
---------------------------------------------------------------------------------
---------------------------------------------------------------------------------
Finished Renaming Generated Nets : Time (s): cpu = 00:00:29 ; elapsed = 00:00:35 . Memory (MB): peak = 830.879 ; gain = 485.168
---------------------------------------------------------------------------------
---------------------------------------------------------------------------------
Start Writing Synthesis Report
---------------------------------------------------------------------------------

Report BlackBoxes: 
+-+--------------+----------+
| |BlackBox name |Instances |
+-+--------------+----------+
+-+--------------+----------+

Report Cell Usage: 
+------+---------+------+
|      |Cell     |Count |
+------+---------+------+
|1     |RAM16X1S |     1|
|2     |FDRE     |     1|
+------+---------+------+

Report Instance Areas: 
+------+----------------------------------+---------------------------+------+
|      |Instance                          |Module                     |Cells |
+------+----------------------------------+---------------------------+------+
|1     |top                               |                           |     2|
|2     |  U0                              |dist_mem_gen_v8_0_12       |     2|
|3     |    \synth_options.dist_mem_inst  |dist_mem_gen_v8_0_12_synth |     2|
|4     |      \gen_sp_ram.spram_inst      |spram                      |     2|
+------+----------------------------------+---------------------------+------+
---------------------------------------------------------------------------------
Finished Writing Synthesis Report : Time (s): cpu = 00:00:29 ; elapsed = 00:00:35 . Memory (MB): peak = 830.879 ; gain = 485.168
---------------------------------------------------------------------------------
Synthesis finished with 0 errors, 0 critical warnings and 15 warnings.
Synthesis Optimization Runtime : Time (s): cpu = 00:00:16 ; elapsed = 00:00:25 . Memory (MB): peak = 830.879 ; gain = 215.402
Synthesis Optimization Complete : Time (s): cpu = 00:00:29 ; elapsed = 00:00:36 . Memory (MB): peak = 830.879 ; gain = 485.168
INFO: [Project 1-571] Translating synthesized netlist
INFO: [Netlist 29-17] Analyzing 1 Unisim elements for replacement
INFO: [Netlist 29-28] Unisim Transformation completed in 0 CPU seconds
INFO: [Project 1-570] Preparing netlist for logic optimization
INFO: [Opt 31-138] Pushed 0 inverter(s) to 0 load pin(s).
INFO: [Project 1-111] Unisim Transformation Summary:
  A total of 1 instances were transformed.
  RAM16X1S => RAM32X1S (RAMS32): 1 instances

INFO: [Common 17-83] Releasing license: Synthesis
14 Infos, 42 Warnings, 0 Critical Warnings and 0 Errors encountered.
synth_design completed successfully
synth_design: Time (s): cpu = 00:00:32 ; elapsed = 00:00:38 . Memory (MB): peak = 842.094 ; gain = 507.852
WARNING: [Constraints 18-5210] No constraint will be written out.
INFO: [Common 17-1381] The checkpoint 'D:/COD_lab/lab4/lab4/lab4.runs/VRAM_synth_1/VRAM.dcp' has been generated.
